<?xml version="1.0" encoding="UTF-8"?>
<testsuite xmlns:xsi="http://www.w3.org/2001/XMLSchema-instance" xsi:noNamespaceSchemaLocation="https://maven.apache.org/surefire/maven-surefire-plugin/xsd/surefire-test-report.xsd" name="com.graf.docker.api.client.DockerClientTest" time="30.082" tests="34" errors="0" skipped="10" failures="0">
  <properties>
    <property name="osgi.checkConfiguration" value="true"/>
    <property name="java.specification.version" value="13"/>
    <property name="sun.jnu.encoding" value="UTF-8"/>
    <property name="org.osgi.framework.version" value="1.9.0"/>
    <property name="java.class.path" value="/home/markus/.m2/repository/p2/osgi/bundle/org.eclipse.equinox.launcher/1.5.700.v20200107-1357/org.eclipse.equinox.launcher-1.5.700.v20200107-1357.jar"/>
    <property name="osgi.nl" value="de_AT"/>
    <property name="java.vm.vendor" value="Private Build"/>
    <property name="osgi.bundlefile.limit" value="100"/>
    <property name="osgi.syspath" value="/home/markus/.m2/repository/p2/osgi/bundle/org.eclipse.osgi/3.15.200.v20200117-1721"/>
    <property name="sun.arch.data.model" value="64"/>
    <property name="equinox.init.uuid" value="true"/>
    <property name="ds.delayed.keepInstances.default" value="true"/>
    <property name="java.vendor.url" value="Unknown"/>
    <property name="org.osgi.framework.system.capabilities" value="osgi.ee; osgi.ee=&quot;OSGi/Minimum&quot;; version:List&lt;Version&gt;=&quot;1.0, 1.1, 1.2&quot;, osgi.ee; osgi.ee=&quot;JRE&quot;; version:List&lt;Version&gt;=&quot;1.0, 1.1&quot;, osgi.ee; osgi.ee=&quot;JavaSE&quot;; version:List&lt;Version&gt;=&quot;1.0, 1.1, 1.2, 1.3, 1.4, 1.5, 1.6, 1.7, 1.8, 9.0, 10.0, 11.0, 12.0, 13.0&quot;,osgi.ee; osgi.ee=&quot;JavaSE/compact1&quot;; version:List&lt;Version&gt;=&quot;1.8, 9.0, 10.0, 11.0, 12.0, 13.0&quot;,osgi.ee; osgi.ee=&quot;JavaSE/compact2&quot;; version:List&lt;Version&gt;=&quot;1.8, 9.0, 10.0, 11.0, 12.0, 13.0&quot;,osgi.ee; osgi.ee=&quot;JavaSE/compact3&quot;; version:List&lt;Version&gt;=&quot;1.8, 9.0, 10.0, 11.0, 12.0, 13.0&quot;"/>
    <property name="user.timezone" value="Europe/Vienna"/>
    <property name="org.osgi.framework.uuid" value="1082e11d-33d2-4683-87d8-6b0fb316b43b"/>
    <property name="java.vm.specification.version" value="13"/>
    <property name="os.name" value="Linux"/>
    <property name="org.osgi.framework.processor" value="x86-64"/>
    <property name="sun.java.launcher" value="SUN_STANDARD"/>
    <property name="user.country" value="AT"/>
    <property name="sun.boot.library.path" value="/usr/lib/jvm/java-13-openjdk-amd64/lib"/>
    <property name="sun.java.command" value="/home/markus/.m2/repository/p2/osgi/bundle/org.eclipse.equinox.launcher/1.5.700.v20200107-1357/org.eclipse.equinox.launcher-1.5.700.v20200107-1357.jar -data /home/markus/git/java-docker-api-client/tests/com.graf.docker.api.client.test/target/work/data -install /home/markus/git/java-docker-api-client/tests/com.graf.docker.api.client.test/target/work -configuration /home/markus/git/java-docker-api-client/tests/com.graf.docker.api.client.test/target/work/configuration -application org.eclipse.tycho.surefire.osgibooter.headlesstest -testproperties /home/markus/git/java-docker-api-client/tests/com.graf.docker.api.client.test/target/surefire.properties"/>
    <property name="jdk.debug" value="release"/>
    <property name="sun.cpu.endian" value="little"/>
    <property name="org.osgi.supports.framework.requirebundle" value="true"/>
    <property name="osgi.logfile" value="/home/markus/git/java-docker-api-client/tests/com.graf.docker.api.client.test/target/work/configuration/1582224155350.log"/>
    <property name="osgi.arch" value="x86_64"/>
    <property name="user.home" value="/home/markus"/>
    <property name="osgi.install.area" value="file:/home/markus/git/java-docker-api-client/tests/com.graf.docker.api.client.test/target/work/"/>
    <property name="user.language" value="de"/>
    <property name="java.specification.vendor" value="Oracle Corporation"/>
    <property name="org.osgi.framework.language" value="de"/>
    <property name="org.osgi.framework.system.packages" value="com.sun.jarsigner, com.sun.java.accessibility.util, com.sun.jdi, com.sun.jdi.connect, com.sun.jdi.connect.spi, com.sun.jdi.event, com.sun.jdi.request, com.sun.management, com.sun.net.httpserver, com.sun.net.httpserver.spi, com.sun.nio.file, com.sun.nio.sctp, com.sun.security.auth, com.sun.security.auth.callback, com.sun.security.auth.login, com.sun.security.auth.module, com.sun.security.jgss, com.sun.source.doctree, com.sun.source.tree, com.sun.source.util, com.sun.tools.attach, com.sun.tools.attach.spi, com.sun.tools.javac, com.sun.tools.jconsole, java.applet, java.awt, java.awt.color, java.awt.datatransfer, java.awt.desktop, java.awt.dnd, java.awt.event, java.awt.font, java.awt.geom, java.awt.im, java.awt.im.spi, java.awt.image, java.awt.image.renderable, java.awt.print, java.beans, java.beans.beancontext, java.io, java.lang, java.lang.annotation, java.lang.constant, java.lang.instrument, java.lang.invoke, java.lang.management, java.lang.module, java.lang.ref, java.lang.reflect, java.math, java.net, java.net.http, java.net.spi, java.nio, java.nio.channels, java.nio.channels.spi, java.nio.charset, java.nio.charset.spi, java.nio.file, java.nio.file.attribute, java.nio.file.spi, java.rmi, java.rmi.activation, java.rmi.dgc, java.rmi.registry, java.rmi.server, java.security, java.security.acl, java.security.cert, java.security.interfaces, java.security.spec, java.sql, java.text, java.text.spi, java.time, java.time.chrono, java.time.format, java.time.temporal, java.time.zone, java.util, java.util.concurrent, java.util.concurrent.atomic, java.util.concurrent.locks, java.util.function, java.util.jar, java.util.logging, java.util.prefs, java.util.regex, java.util.spi, java.util.stream, java.util.zip, javax.accessibility, javax.annotation.processing, javax.crypto, javax.crypto.interfaces, javax.crypto.spec, javax.imageio, javax.imageio.event, javax.imageio.metadata, javax.imageio.plugins.bmp, javax.imageio.plugins.jpeg, javax.imageio.plugins.tiff, javax.imageio.spi, javax.imageio.stream, javax.lang.model, javax.lang.model.element, javax.lang.model.type, javax.lang.model.util, javax.management, javax.management.loading, javax.management.modelmbean, javax.management.monitor, javax.management.openmbean, javax.management.relation, javax.management.remote, javax.management.remote.rmi, javax.management.timer, javax.naming, javax.naming.directory, javax.naming.event, javax.naming.ldap, javax.naming.ldap.spi, javax.naming.spi, javax.net, javax.net.ssl, javax.print, javax.print.attribute, javax.print.attribute.standard, javax.print.event, javax.rmi.ssl, javax.script, javax.security.auth, javax.security.auth.callback, javax.security.auth.kerberos, javax.security.auth.login, javax.security.auth.spi, javax.security.auth.x500, javax.security.cert, javax.security.sasl, javax.smartcardio, javax.sound.midi, javax.sound.midi.spi, javax.sound.sampled, javax.sound.sampled.spi, javax.sql, javax.sql.rowset, javax.sql.rowset.serial, javax.sql.rowset.spi, javax.swing, javax.swing.border, javax.swing.colorchooser, javax.swing.event, javax.swing.filechooser, javax.swing.plaf, javax.swing.plaf.basic, javax.swing.plaf.metal, javax.swing.plaf.multi, javax.swing.plaf.nimbus, javax.swing.plaf.synth, javax.swing.table, javax.swing.text, javax.swing.text.html, javax.swing.text.html.parser, javax.swing.text.rtf, javax.swing.tree, javax.swing.undo, javax.tools, javax.transaction.xa, javax.xml, javax.xml.catalog, javax.xml.crypto, javax.xml.crypto.dom, javax.xml.crypto.dsig, javax.xml.crypto.dsig.dom, javax.xml.crypto.dsig.keyinfo, javax.xml.crypto.dsig.spec, javax.xml.datatype, javax.xml.namespace, javax.xml.parsers, javax.xml.stream, javax.xml.stream.events, javax.xml.stream.util, javax.xml.transform, javax.xml.transform.dom, javax.xml.transform.sax, javax.xml.transform.stax, javax.xml.transform.stream, javax.xml.validation, javax.xml.xpath, jdk.dynalink, jdk.dynalink.beans, jdk.dynalink.linker, jdk.dynalink.linker.support, jdk.dynalink.support, jdk.javadoc.doclet, jdk.jfr, jdk.jfr.consumer, jdk.jshell, jdk.jshell.execution, jdk.jshell.spi, jdk.jshell.tool, jdk.management.jfr, jdk.nashorn.api.scripting, jdk.nashorn.api.tree, jdk.net, jdk.nio, jdk.security.jarsigner, jdk.swing.interop, netscape.javascript, org.ietf.jgss, org.w3c.dom, org.w3c.dom.bootstrap, org.w3c.dom.css, org.w3c.dom.events, org.w3c.dom.html, org.w3c.dom.ls, org.w3c.dom.ranges, org.w3c.dom.stylesheets, org.w3c.dom.traversal, org.w3c.dom.views, org.w3c.dom.xpath, org.xml.sax, org.xml.sax.ext, org.xml.sax.helpers, sun.misc, sun.reflect"/>
    <property name="gosh.args" value="--nointeractive"/>
    <property name="eclipse.application" value="org.eclipse.tycho.surefire.osgibooter.headlesstest"/>
    <property name="java.version.date" value="2019-09-17"/>
    <property name="java.home" value="/usr/lib/jvm/java-13-openjdk-amd64"/>
    <property name="file.separator" value="/"/>
    <property name="osgi.noShutdown" value="false"/>
    <property name="java.vm.compressedOopsMode" value="Zero based"/>
    <property name="line.separator" value="&#10;"/>
    <property name="org.osgi.framework.executionenvironment" value="OSGi/Minimum-1.0, OSGi/Minimum-1.1, OSGi/Minimum-1.2, JavaSE/compact1-1.8, JavaSE/compact2-1.8, JavaSE/compact3-1.8, JRE-1.1, J2SE-1.2, J2SE-1.3, J2SE-1.4, J2SE-1.5, JavaSE-1.6, JavaSE-1.7, JavaSE-1.8, JavaSE-9, JavaSE-10, JavaSE-11, JavaSE-12, JavaSE-13"/>
    <property name="java.vm.specification.vendor" value="Oracle Corporation"/>
    <property name="java.specification.name" value="Java Platform API Specification"/>
    <property name="osgi.compatibility.bootdelegation.default" value="true"/>
    <property name="ds.delayed.keepInstances" value="true"/>
    <property name="sun.management.compiler" value="HotSpot 64-Bit Tiered Compilers"/>
    <property name="java.runtime.version" value="13+33-Ubuntu-1"/>
    <property name="user.name" value="markus"/>
    <property name="eclipse.commands" value="-data&#10;/home/markus/git/java-docker-api-client/tests/com.graf.docker.api.client.test/target/work/data&#10;-install&#10;/home/markus/git/java-docker-api-client/tests/com.graf.docker.api.client.test/target/work&#10;-configuration&#10;/home/markus/git/java-docker-api-client/tests/com.graf.docker.api.client.test/target/work/configuration&#10;-application&#10;org.eclipse.tycho.surefire.osgibooter.headlesstest&#10;-testproperties&#10;/home/markus/git/java-docker-api-client/tests/com.graf.docker.api.client.test/target/surefire.properties&#10;"/>
    <property name="path.separator" value=":"/>
    <property name="osgi.framework.useSystemProperties" value="true"/>
    <property name="osgi.compatibility.bootdelegation" value="true"/>
    <property name="os.version" value="5.3.0-40-generic"/>
    <property name="org.osgi.framework.vendor" value="Eclipse"/>
    <property name="java.runtime.name" value="OpenJDK Runtime Environment"/>
    <property name="org.osgi.supports.framework.fragment" value="true"/>
    <property name="file.encoding" value="UTF-8"/>
    <property name="osgi.bundles" value="reference:file:/home/markus/.m2/repository/p2/osgi/bundle/com.google.gson/2.8.2.v20180104-1110/com.google.gson-2.8.2.v20180104-1110.jar,reference:file:/home/markus/git/java-docker-api-client/bundles/com.graf.docker.api.client/target/com.graf.docker.api.client-1.0.0.jar,reference:file:/home/markus/.m2/repository/p2/osgi/bundle/org.apache.httpcomponents.httpcore/4.4.12.v20200108-1212/org.apache.httpcomponents.httpcore-4.4.12.v20200108-1212.jar,reference:file:/home/markus/.m2/repository/p2/osgi/bundle/org.apache.httpcomponents.httpclient/4.5.10.v20200114-1512/org.apache.httpcomponents.httpclient-4.5.10.v20200114-1512.jar,reference:file:/home/markus/git/java-docker-api-client/tests/com.graf.docker.api.client.test,reference:file:/home/markus/.m2/repository/p2/osgi/bundle/org.junit/4.13.0.v20200128-1312/org.junit-4.13.0.v20200128-1312.jar,reference:file:/home/markus/.m2/repository/p2/osgi/bundle/org.apache.commons.logging/1.2.0.v20180409-1502/org.apache.commons.logging-1.2.0.v20180409-1502.jar,reference:file:/home/markus/.m2/repository/p2/osgi/bundle/com.ibm.icu.base/58.2.0.v20181010-1334/com.ibm.icu.base-58.2.0.v20181010-1334.jar,reference:file:/home/markus/.m2/repository/p2/osgi/bundle/javax.annotation/1.2.0.v201602091430/javax.annotation-1.2.0.v201602091430.jar,reference:file:/home/markus/.m2/repository/p2/osgi/bundle/org.w3c.css.sac/1.3.1.v200903091627/org.w3c.css.sac-1.3.1.v200903091627.jar,reference:file:/home/markus/.m2/repository/p2/osgi/bundle/org.w3c.dom.svg/1.1.0.v201011041433/org.w3c.dom.svg-1.1.0.v201011041433.jar,reference:file:/home/markus/.m2/repository/p2/osgi/bundle/org.w3c.dom.smil/1.0.1.v200903091627/org.w3c.dom.smil-1.0.1.v200903091627.jar,reference:file:/home/markus/.m2/repository/p2/osgi/bundle/org.apache.xmlgraphics/2.3.0.v20190515-0436/org.apache.xmlgraphics-2.3.0.v20190515-0436.jar,reference:file:/home/markus/.m2/repository/p2/osgi/bundle/org.apache.batik.constants/1.11.0.v20190515-0436/org.apache.batik.constants-1.11.0.v20190515-0436.jar,reference:file:/home/markus/.m2/repository/p2/osgi/bundle/org.w3c.dom.events/3.0.0.draft20060413_v201105210656/org.w3c.dom.events-3.0.0.draft20060413_v201105210656.jar,reference:file:/home/markus/.m2/repository/p2/osgi/bundle/org.apache.batik.css/1.11.0.v20190515-0436/org.apache.batik.css-1.11.0.v20190515-0436.jar,reference:file:/home/markus/.m2/repository/p2/osgi/bundle/org.apache.batik.util/1.11.0.v20190515-0436/org.apache.batik.util-1.11.0.v20190515-0436.jar,reference:file:/home/markus/.m2/repository/p2/osgi/bundle/org.apache.batik.i18n/1.11.0.v20190515-0436/org.apache.batik.i18n-1.11.0.v20190515-0436.jar,reference:file:/home/markus/.m2/repository/p2/osgi/bundle/org.apache.commons.codec/1.13.0.v20200108-0001/org.apache.commons.codec-1.13.0.v20200108-0001.jar,reference:file:/home/markus/.m2/repository/p2/osgi/bundle/org.apache.commons.io/2.6.0.v20190123-2029/org.apache.commons.io-2.6.0.v20190123-2029.jar,reference:file:/home/markus/.m2/repository/p2/osgi/bundle/org.eclipse.osgi.services/3.8.0.v20190206-2147/org.eclipse.osgi.services-3.8.0.v20190206-2147.jar,reference:file:/home/markus/.m2/repository/p2/osgi/bundle/org.eclipse.osgi.util/3.5.300.v20190708-1141/org.eclipse.osgi.util-3.5.300.v20190708-1141.jar,reference:file:/home/markus/.m2/repository/p2/osgi/bundle/org.apache.felix.scr/2.1.16.v20200110-1820/org.apache.felix.scr-2.1.16.v20200110-1820.jar@1:start,reference:file:/home/markus/.m2/repository/p2/osgi/bundle/org.eclipse.ui/3.116.0.v20200128-0942/org.eclipse.ui-3.116.0.v20200128-0942.jar,reference:file:/home/markus/.m2/repository/p2/osgi/bundle/org.eclipse.core.resources/3.13.700.v20200123-2308/org.eclipse.core.resources-3.13.700.v20200123-2308.jar,reference:file:/home/markus/.m2/repository/p2/osgi/bundle/org.eclipse.jface.text/3.16.200.v20200123-1636/org.eclipse.jface.text-3.16.200.v20200123-1636.jar,reference:file:/home/markus/.m2/repository/p2/osgi/bundle/org.eclipse.ui.ide/3.17.0.v20200128-2148/org.eclipse.ui.ide-3.17.0.v20200128-2148.jar,reference:file:/home/markus/.m2/repository/p2/osgi/bundle/org.eclipse.ui.views/3.10.200.v20200123-1115/org.eclipse.ui.views-3.10.200.v20200123-1115.jar,reference:file:/home/markus/.m2/repository/p2/osgi/bundle/org.eclipse.ui.workbench.texteditor/3.14.100.v20200124-0727/org.eclipse.ui.workbench.texteditor-3.14.100.v20200124-0727.jar,reference:file:/home/markus/.m2/repository/p2/osgi/bundle/org.eclipse.core.runtime/3.17.100.v20200114-1847/org.eclipse.core.runtime-3.17.100.v20200114-1847.jar@4:start,reference:file:/home/markus/.m2/repository/p2/osgi/bundle/org.eclipse.core.expressions/3.6.700.v20200106-1210/org.eclipse.core.expressions-3.6.700.v20200106-1210.jar,reference:file:/home/markus/.m2/repository/p2/osgi/bundle/org.eclipse.ui.editors/3.13.100.v20200129-1520/org.eclipse.ui.editors-3.13.100.v20200129-1520.jar,reference:file:/home/markus/.m2/repository/p2/osgi/bundle/org.eclipse.ui.forms/3.9.0.v20200115-1733/org.eclipse.ui.forms-3.9.0.v20200115-1733.jar,reference:file:/home/markus/.m2/repository/p2/osgi/bundle/org.eclipse.compare.core/3.6.800.v20191213-2246/org.eclipse.compare.core-3.6.800.v20191213-2246.jar,reference:file:/home/markus/.m2/repository/p2/osgi/bundle/org.eclipse.compare/3.7.900.v20200127-1343/org.eclipse.compare-3.7.900.v20200127-1343.jar,reference:file:/home/markus/.m2/repository/p2/osgi/bundle/org.eclipse.core.commands/3.9.700.v20191217-1850/org.eclipse.core.commands-3.9.700.v20191217-1850.jar,reference:file:/home/markus/.m2/repository/p2/osgi/bundle/org.eclipse.equinox.common/3.11.0.v20200114-1644/org.eclipse.equinox.common-3.11.0.v20200114-1644.jar@2:start,reference:file:/home/markus/.m2/repository/p2/osgi/bundle/org.eclipse.equinox.preferences/3.7.700.v20191213-1901/org.eclipse.equinox.preferences-3.7.700.v20191213-1901.jar,reference:file:/home/markus/.m2/repository/p2/osgi/bundle/org.eclipse.equinox.registry/3.8.700.v20200121-1457/org.eclipse.equinox.registry-3.8.700.v20200121-1457.jar,reference:file:/home/markus/.m2/repository/p2/osgi/bundle/org.eclipse.core.contenttype/3.7.600.v20200124-1609/org.eclipse.core.contenttype-3.7.600.v20200124-1609.jar,reference:file:/home/markus/.m2/repository/p2/osgi/bundle/org.eclipse.core.databinding.observable/1.9.0.v20200125-1316/org.eclipse.core.databinding.observable-1.9.0.v20200125-1316.jar,reference:file:/home/markus/.m2/repository/p2/osgi/bundle/org.eclipse.core.databinding.property/1.8.0.v20200124-0715/org.eclipse.core.databinding.property-1.8.0.v20200124-0715.jar,reference:file:/home/markus/.m2/repository/p2/osgi/bundle/org.eclipse.core.databinding/1.8.0.v20200125-1132/org.eclipse.core.databinding-1.8.0.v20200125-1132.jar,reference:file:/home/markus/.m2/repository/p2/osgi/bundle/org.eclipse.text/3.10.100.v20200117-0616/org.eclipse.text-3.10.100.v20200117-0616.jar,reference:file:/home/markus/.m2/repository/p2/osgi/bundle/org.eclipse.core.filesystem/1.7.700.v20200110-1734/org.eclipse.core.filesystem-1.7.700.v20200110-1734.jar,reference:file:/home/markus/.m2/repository/p2/osgi/bundle/org.eclipse.core.filebuffers/3.6.900.v20200117-0616/org.eclipse.core.filebuffers-3.6.900.v20200117-0616.jar,reference:file:/home/markus/.m2/repository/p2/osgi/bundle/org.eclipse.core.jobs/3.10.700.v20200106-1020/org.eclipse.core.jobs-3.10.700.v20200106-1020.jar,reference:file:/home/markus/.m2/repository/p2/osgi/bundle/org.eclipse.core.net/1.3.700.v20191122-2107/org.eclipse.core.net-1.3.700.v20191122-2107.jar,reference:file:/home/markus/.m2/repository/p2/osgi/bundle/org.eclipse.equinox.security/1.3.500.v20200114-1637/org.eclipse.equinox.security-1.3.500.v20200114-1637.jar,reference:file:/home/markus/.m2/repository/p2/osgi/bundle/org.eclipse.equinox.app/1.4.400.v20191212-0743/org.eclipse.equinox.app-1.4.400.v20191212-0743.jar,reference:file:/home/markus/.m2/repository/p2/osgi/bundle/org.eclipse.e4.core.di/1.7.500.v20190916-2125/org.eclipse.e4.core.di-1.7.500.v20190916-2125.jar,reference:file:/home/markus/.m2/repository/p2/osgi/bundle/javax.inject/1.0.0.v20091030/javax.inject-1.0.0.v20091030.jar,reference:file:/home/markus/.m2/repository/p2/osgi/bundle/org.eclipse.e4.core.contexts/1.8.400.v20191217-1710/org.eclipse.e4.core.contexts-1.8.400.v20191217-1710.jar,reference:file:/home/markus/.m2/repository/p2/osgi/bundle/org.eclipse.e4.core.services/2.2.200.v20200127-0814/org.eclipse.e4.core.services-2.2.200.v20200127-0814.jar,reference:file:/home/markus/.m2/repository/p2/osgi/bundle/org.eclipse.e4.core.commands/0.12.900.v20200110-1732/org.eclipse.e4.core.commands-0.12.900.v20200110-1732.jar,reference:file:/home/markus/.m2/repository/p2/osgi/bundle/org.eclipse.e4.core.di.annotations/1.6.600.v20191216-2352/org.eclipse.e4.core.di.annotations-1.6.600.v20191216-2352.jar,reference:file:/home/markus/.m2/repository/p2/osgi/bundle/org.eclipse.e4.core.di.extensions/0.15.500.v20200106-1259/org.eclipse.e4.core.di.extensions-0.15.500.v20200106-1259.jar,reference:file:/home/markus/.m2/repository/p2/osgi/bundle/org.eclipse.e4.core.di.extensions.supplier/0.15.500.v20200106-1259/org.eclipse.e4.core.di.extensions.supplier-0.15.500.v20200106-1259.jar,reference:file:/home/markus/.m2/repository/p2/osgi/bundle/org.eclipse.e4.emf.xpath/0.2.600.v20191216-0805/org.eclipse.e4.emf.xpath-0.2.600.v20191216-0805.jar,reference:file:/home/markus/.m2/repository/p2/osgi/bundle/org.apache.commons.jxpath/1.3.0.v200911051830/org.apache.commons.jxpath-1.3.0.v200911051830.jar,reference:file:/home/markus/.m2/repository/p2/osgi/bundle/org.eclipse.emf.ecore/2.21.0.v20200127-1342/org.eclipse.emf.ecore-2.21.0.v20200127-1342.jar,reference:file:/home/markus/.m2/repository/p2/osgi/bundle/org.eclipse.e4.ui.bindings/0.12.800.v20191216-0805/org.eclipse.e4.ui.bindings-0.12.800.v20191216-0805.jar,reference:file:/home/markus/.m2/repository/p2/osgi/bundle/org.eclipse.swt/3.113.100.v20200128-1805/org.eclipse.swt-3.113.100.v20200128-1805.jar,reference:file:/home/markus/.m2/repository/p2/osgi/bundle/org.eclipse.jface/3.19.0.v20200110-1814/org.eclipse.jface-3.19.0.v20200110-1814.jar,reference:file:/home/markus/.m2/repository/p2/osgi/bundle/org.eclipse.e4.ui.css.core/0.12.1000.v20200129-0903/org.eclipse.e4.ui.css.core-0.12.1000.v20200129-0903.jar,reference:file:/home/markus/.m2/repository/p2/osgi/bundle/org.eclipse.e4.ui.css.swt/0.13.900.v20200122-2205/org.eclipse.e4.ui.css.swt-0.13.900.v20200122-2205.jar,reference:file:/home/markus/.m2/repository/p2/osgi/bundle/org.eclipse.e4.ui.css.swt.theme/0.12.600.v20200124-0005/org.eclipse.e4.ui.css.swt.theme-0.12.600.v20200124-0005.jar,reference:file:/home/markus/.m2/repository/p2/osgi/bundle/org.eclipse.e4.ui.di/1.2.800.v20200128-0855/org.eclipse.e4.ui.di-1.2.800.v20200128-0855.jar,reference:file:/home/markus/.m2/repository/p2/osgi/bundle/org.eclipse.e4.ui.dialogs/1.1.600.v20190814-0636/org.eclipse.e4.ui.dialogs-1.1.600.v20190814-0636.jar,reference:file:/home/markus/.m2/repository/p2/osgi/bundle/org.eclipse.e4.ui.ide/3.15.0.v20200113-2039/org.eclipse.e4.ui.ide-3.15.0.v20200113-2039.jar,reference:file:/home/markus/.m2/repository/p2/osgi/bundle/org.eclipse.e4.ui.model.workbench/2.1.700.v20200113-1422/org.eclipse.e4.ui.model.workbench-2.1.700.v20200113-1422.jar,reference:file:/home/markus/.m2/repository/p2/osgi/bundle/org.eclipse.e4.ui.services/1.3.700.v20190930-1643/org.eclipse.e4.ui.services-1.3.700.v20190930-1643.jar,reference:file:/home/markus/.m2/repository/p2/osgi/bundle/org.eclipse.equinox.event/1.5.300.v20191001-1333/org.eclipse.equinox.event-1.5.300.v20191001-1333.jar,reference:file:/home/markus/.m2/repository/p2/osgi/bundle/org.eclipse.e4.ui.widgets/1.2.700.v20191222-1048/org.eclipse.e4.ui.widgets-1.2.700.v20191222-1048.jar,reference:file:/home/markus/.m2/repository/p2/osgi/bundle/org.eclipse.emf.ecore.change/2.14.0.v20190528-0725/org.eclipse.emf.ecore.change-2.14.0.v20190528-0725.jar,reference:file:/home/markus/.m2/repository/p2/osgi/bundle/org.eclipse.emf.ecore.xmi/2.16.0.v20190528-0725/org.eclipse.emf.ecore.xmi-2.16.0.v20190528-0725.jar,reference:file:/home/markus/.m2/repository/p2/osgi/bundle/org.eclipse.e4.ui.workbench/1.11.200.v20200123-1115/org.eclipse.e4.ui.workbench-1.11.200.v20200123-1115.jar,reference:file:/home/markus/.m2/repository/p2/osgi/bundle/org.eclipse.e4.ui.workbench.addons.swt/1.3.800.v20191212-1231/org.eclipse.e4.ui.workbench.addons.swt-1.3.800.v20191212-1231.jar,reference:file:/home/markus/.m2/repository/p2/osgi/bundle/org.eclipse.e4.ui.workbench.renderers.swt/0.14.1100.v20200106-2021/org.eclipse.e4.ui.workbench.renderers.swt-0.14.1100.v20200106-2021.jar,reference:file:/home/markus/.m2/repository/p2/osgi/bundle/org.eclipse.e4.ui.workbench.swt/0.14.800.v20190930-1643/org.eclipse.e4.ui.workbench.swt-0.14.800.v20190930-1643.jar,reference:file:/home/markus/.m2/repository/p2/osgi/bundle/org.eclipse.jface.databinding/1.10.0.v20200126-1016/org.eclipse.jface.databinding-1.10.0.v20200126-1016.jar,reference:file:/home/markus/.m2/repository/p2/osgi/bundle/org.eclipse.e4.ui.workbench3/0.15.400.v20191216-0805/org.eclipse.e4.ui.workbench3-0.15.400.v20191216-0805.jar,reference:file:/home/markus/.m2/repository/p2/osgi/bundle/org.eclipse.emf.common/2.18.0.v20191225-1014/org.eclipse.emf.common-2.18.0.v20191225-1014.jar,reference:file:/home/markus/.m2/repository/p2/osgi/bundle/org.eclipse.equinox.bidi/1.2.300.v20191213-1901/org.eclipse.equinox.bidi-1.2.300.v20191213-1901.jar,reference:file:/home/markus/.m2/repository/p2/osgi/bundle/org.eclipse.equinox.launcher/1.5.700.v20200107-1357/org.eclipse.equinox.launcher-1.5.700.v20200107-1357.jar,reference:file:/home/markus/.m2/repository/p2/osgi/bundle/org.eclipse.equinox.p2.core/2.6.300.v20200129-1258/org.eclipse.equinox.p2.core-2.6.300.v20200129-1258.jar,reference:file:/home/markus/.m2/repository/p2/osgi/bundle/org.eclipse.equinox.p2.metadata/2.4.700.v20191213-1911/org.eclipse.equinox.p2.metadata-2.4.700.v20191213-1911.jar,reference:file:/home/markus/.m2/repository/p2/osgi/bundle/org.eclipse.equinox.p2.metadata.repository/1.3.400.v20191211-1528/org.eclipse.equinox.p2.metadata.repository-1.3.400.v20191211-1528.jar,reference:file:/home/markus/.m2/repository/p2/osgi/bundle/org.eclipse.equinox.p2.repository/2.4.700.v20200110-2121/org.eclipse.equinox.p2.repository-2.4.700.v20200110-2121.jar,reference:file:/home/markus/.m2/repository/p2/osgi/bundle/org.eclipse.equinox.p2.engine/2.6.600.v20200110-2121/org.eclipse.equinox.p2.engine-2.6.600.v20200110-2121.jar,reference:file:/home/markus/.m2/repository/p2/osgi/bundle/org.tukaani.xz/1.8.0.v20180207-1613/org.tukaani.xz-1.8.0.v20180207-1613.jar,reference:file:/home/markus/.m2/repository/p2/osgi/bundle/org.eclipse.help/3.8.700.v20191212-1123/org.eclipse.help-3.8.700.v20191212-1123.jar,reference:file:/home/markus/.m2/repository/p2/osgi/bundle/org.eclipse.ltk.core.refactoring/3.10.400.v20200124-1742/org.eclipse.ltk.core.refactoring-3.10.400.v20200124-1742.jar,reference:file:/home/markus/.m2/repository/p2/osgi/bundle/org.eclipse.ui.navigator/3.9.200.v20200123-1115/org.eclipse.ui.navigator-3.9.200.v20200123-1115.jar,reference:file:/home/markus/.m2/repository/p2/osgi/bundle/org.eclipse.team.core/3.8.900.v20191213-2246/org.eclipse.team.core-3.8.900.v20191213-2246.jar,reference:file:/home/markus/.m2/repository/p2/osgi/bundle/org.eclipse.team.ui/3.8.800.v20191213-2246/org.eclipse.team.ui-3.8.800.v20191213-2246.jar,reference:file:/home/markus/.m2/repository/p2/osgi/bundle/org.eclipse.ltk.ui.refactoring/3.10.200.v20200124-1742/org.eclipse.ltk.ui.refactoring-3.10.200.v20200124-1742.jar,reference:file:/home/markus/.m2/repository/p2/osgi/bundle/org.eclipse.swt.gtk.linux.x86_64/3.113.100.v20200128-1805/org.eclipse.swt.gtk.linux.x86_64-3.113.100.v20200128-1805.jar,reference:file:/home/markus/.m2/repository/p2/osgi/bundle/org.eclipse.ui.workbench/3.118.0.v20200128-1950/org.eclipse.ui.workbench-3.118.0.v20200128-1950.jar,reference:file:/home/markus/.m2/repository/p2/osgi/bundle/org.eclipse.ui.navigator.resources/3.7.200.v20200123-1115/org.eclipse.ui.navigator.resources-3.7.200.v20200123-1115.jar,reference:file:/home/markus/.m2/repository/p2/osgi/bundle/org.eclipse.urischeme/1.0.600.v20200115-1733/org.eclipse.urischeme-1.0.600.v20200115-1733.jar,reference:file:/home/markus/.m2/repository/p2/osgi/bundle/org.eclipse.ui.ide.application/1.3.600.v20200116-2127/org.eclipse.ui.ide.application-1.3.600.v20200116-2127.jar,reference:file:/home/markus/.m2/repository/p2/osgi/bundle/org.eclipse.ui.views.properties.tabbed/3.8.800.v20191222-1048/org.eclipse.ui.views.properties.tabbed-3.8.800.v20191222-1048.jar,reference:file:/home/markus/.m2/repository/p2/osgi/bundle/org.hamcrest.core/1.3.0.v20180420-1519/org.hamcrest.core-1.3.0.v20180420-1519.jar,reference:file:/home/markus/.m2/repository/org/eclipse/tycho/org.eclipse.tycho.surefire.osgibooter/1.6.0/org.eclipse.tycho.surefire.osgibooter-1.6.0.jar,reference:file:/home/markus/.m2/repository/org/eclipse/tycho/org.eclipse.tycho.surefire.junit4/1.6.0/org.eclipse.tycho.surefire.junit4-1.6.0.jar"/>
    <property name="osgi.framework.shape" value="jar"/>
    <property name="java.vm.name" value="OpenJDK 64-Bit Server VM"/>
    <property name="osgi.framework" value="file:/home/markus/.m2/repository/p2/osgi/bundle/org.eclipse.osgi/3.15.200.v20200117-1721/org.eclipse.osgi-3.15.200.v20200117-1721.jar"/>
    <property name="osgi.dev" value="file:/home/markus/git/java-docker-api-client/tests/com.graf.docker.api.client.test/target/work/dev.properties"/>
    <property name="osgi.configuration.area" value="file:/home/markus/git/java-docker-api-client/tests/com.graf.docker.api.client.test/target/work/configuration/"/>
    <property name="osgi.os" value="linux"/>
    <property name="osgi.clean" value="true"/>
    <property name="java.vendor.url.bug" value="Unknown"/>
    <property name="java.io.tmpdir" value="/tmp"/>
    <property name="org.osgi.framework.os.name" value="Linux"/>
    <property name="eclipse.home.location" value="file:/home/markus/git/java-docker-api-client/tests/com.graf.docker.api.client.test/target/work/"/>
    <property name="org.osgi.supports.framework.extension" value="true"/>
    <property name="java.version" value="13"/>
    <property name="org.osgi.framework.storage" value="/home/markus/git/java-docker-api-client/tests/com.graf.docker.api.client.test/target/work/configuration"/>
    <property name="user.dir" value="/home/markus/git/java-docker-api-client/tests/com.graf.docker.api.client.test"/>
    <property name="os.arch" value="amd64"/>
    <property name="osgi.ws" value="gtk"/>
    <property name="osgi.instance.area" value="file:/home/markus/git/java-docker-api-client/tests/com.graf.docker.api.client.test/target/work/data/"/>
    <property name="osgi.bundles.defaultStartLevel" value="4"/>
    <property name="java.vm.specification.name" value="Java Virtual Machine Specification"/>
    <property name="osgi.configuration.cascaded" value="false"/>
    <property name="eclipse.startTime" value="1582224155258"/>
    <property name="java.library.path" value="/usr/java/packages/lib:/usr/lib/x86_64-linux-gnu/jni:/lib/x86_64-linux-gnu:/usr/lib/x86_64-linux-gnu:/usr/lib/jni:/lib:/usr/lib"/>
    <property name="org.osgi.framework.os.version" value="5.3.0"/>
    <property name="java.vm.info" value="mixed mode"/>
    <property name="java.vendor" value="Private Build"/>
    <property name="java.vm.version" value="13+33-Ubuntu-1"/>
    <property name="sun.io.unicode.encoding" value="UnicodeLittle"/>
    <property name="eclipse.stateSaveDelayInterval" value="30000"/>
    <property name="java.class.version" value="57.0"/>
  </properties>
  <testcase name="testStartContainer" classname="com.graf.docker.api.client.DockerClientTest" time="0.847"/>
  <testcase name="testKillContainer" classname="com.graf.docker.api.client.DockerClientTest" time="0.617"/>
  <testcase name="testCreateContainerContainerConfig" classname="com.graf.docker.api.client.DockerClientTest" time="0.025"/>
  <testcase name="testStatContainer" classname="com.graf.docker.api.client.DockerClientTest" time="2.378"/>
  <testcase name="testResizeTTYContainer" classname="com.graf.docker.api.client.DockerClientTest" time="0.626"/>
  <testcase name="testCreateContainerContainerConfigString" classname="com.graf.docker.api.client.DockerClientTest" time="0.027"/>
  <testcase name="testStopContainerString" classname="com.graf.docker.api.client.DockerClientTest" time="0.585"/>
  <testcase name="testRestartContainerString" classname="com.graf.docker.api.client.DockerClientTest" time="1.183"/>
  <testcase name="testRenameContainer" classname="com.graf.docker.api.client.DockerClientTest" time="0.672"/>
  <testcase name="testExtractToContainer" classname="com.graf.docker.api.client.DockerClientTest" time="0">
    <skipped/>
  </testcase>
  <testcase name="testRunContainerContainerConfig" classname="com.graf.docker.api.client.DockerClientTest" time="0">
    <skipped/>
  </testcase>
  <testcase name="testStatContainerStream" classname="com.graf.docker.api.client.DockerClientTest" time="5.62"/>
  <testcase name="testLogContainer" classname="com.graf.docker.api.client.DockerClientTest" time="0.651"/>
  <testcase name="testUnpauseContainer" classname="com.graf.docker.api.client.DockerClientTest" time="0.687"/>
  <testcase name="testArchiveContainer" classname="com.graf.docker.api.client.DockerClientTest" time="0">
    <skipped/>
  </testcase>
  <testcase name="testPauseContainer" classname="com.graf.docker.api.client.DockerClientTest" time="0.663"/>
  <testcase name="testRestartContainerStringIntTimeUnit" classname="com.graf.docker.api.client.DockerClientTest" time="3.299"/>
  <testcase name="testFileInfoContainer" classname="com.graf.docker.api.client.DockerClientTest" time="0">
    <skipped/>
  </testcase>
  <testcase name="testUpdateContainer" classname="com.graf.docker.api.client.DockerClientTest" time="0.644"/>
  <testcase name="testWaitForContainer" classname="com.graf.docker.api.client.DockerClientTest" time="0">
    <skipped/>
  </testcase>
  <testcase name="testTopContainerString" classname="com.graf.docker.api.client.DockerClientTest" time="0.652"/>
  <testcase name="testRestartContainerStringInt" classname="com.graf.docker.api.client.DockerClientTest" time="3.341"/>
  <testcase name="testStopContainerStringIntTimeUnit" classname="com.graf.docker.api.client.DockerClientTest" time="2.688"/>
  <testcase name="testListContainers" classname="com.graf.docker.api.client.DockerClientTest" time="0.026"/>
  <testcase name="testStopContainerStringInt" classname="com.graf.docker.api.client.DockerClientTest" time="2.716"/>
  <testcase name="testByteArrayToInt" classname="com.graf.docker.api.client.DockerClientTest" time="0">
    <skipped/>
  </testcase>
  <testcase name="testInspectContainerChanges" classname="com.graf.docker.api.client.DockerClientTest" time="0.649"/>
  <testcase name="testExportContainer" classname="com.graf.docker.api.client.DockerClientTest" time="0.592"/>
  <testcase name="testRemoveContainer" classname="com.graf.docker.api.client.DockerClientTest" time="0">
    <skipped/>
  </testcase>
  <testcase name="testInspectContainer" classname="com.graf.docker.api.client.DockerClientTest" time="0.197"/>
  <testcase name="testRunContainerContainerConfigString" classname="com.graf.docker.api.client.DockerClientTest" time="0">
    <skipped/>
  </testcase>
  <testcase name="testTopContainerStringString" classname="com.graf.docker.api.client.DockerClientTest" time="0.65"/>
  <testcase name="testDeleteContainers" classname="com.graf.docker.api.client.DockerClientTest" time="0">
    <skipped/>
  </testcase>
  <testcase name="testStopStatContainerStream" classname="com.graf.docker.api.client.DockerClientTest" time="0">
    <skipped/>
  </testcase>
</testsuite>